D:\TURINGMAC\DESKTOP\DISKEXAMPLE\DEBUG\DISKEXAMPLE.BSC
D:\TURINGMAC\DESKTOP\DISKEXAMPLE\DEBUG\TIME_TEST.SBR
D:\TURINGMAC\DESKTOP\DISKEXAMPLE\DEBUG\REPLACER.SBR
D:\TURINGMAC\DESKTOP\DISKEXAMPLE\DEBUG\LRUFRAME.SBR
D:\TURINGMAC\DESKTOP\DISKEXAMPLE\DEBUG\LRU.SBR
D:\TURINGMAC\DESKTOP\DISKEXAMPLE\DEBUG\HASH.SBR
D:\TURINGMAC\DESKTOP\DISKEXAMPLE\DEBUG\DISKREADWRITE.SBR
D:\TURINGMAC\DESKTOP\DISKEXAMPLE\DEBUG\DB.SBR
D:\TURINGMAC\DESKTOP\DISKEXAMPLE\DEBUG\CLOCKFRAME.SBR
D:\TURINGMAC\DESKTOP\DISKEXAMPLE\DEBUG\BUF_FRAME.SBR
D:\TURINGMAC\DESKTOP\DISKEXAMPLE\DEBUG\BUFMGR.SBR
D:\TURINGMAC\DESKTOP\DISKEXAMPLE\DEBUG\BLK_UTILITY.SBR
D:\TURINGMAC\DESKTOP\DISKEXAMPLE\DEBUG\BLK_UTILITY.OBJ
D:\TURINGMAC\DESKTOP\DISKEXAMPLE\DEBUG\BUFMGR.OBJ
D:\TURINGMAC\DESKTOP\DISKEXAMPLE\DEBUG\BUF_FRAME.OBJ
D:\TURINGMAC\DESKTOP\DISKEXAMPLE\DEBUG\CLOCKFRAME.OBJ
D:\TURINGMAC\DESKTOP\DISKEXAMPLE\DEBUG\DB.OBJ
D:\TURINGMAC\DESKTOP\DISKEXAMPLE\DEBUG\DISKREADWRITE.OBJ
D:\TURINGMAC\DESKTOP\DISKEXAMPLE\DEBUG\HASH.OBJ
D:\TURINGMAC\DESKTOP\DISKEXAMPLE\DEBUG\LRU.OBJ
D:\TURINGMAC\DESKTOP\DISKEXAMPLE\DEBUG\LRUFRAME.OBJ
D:\TURINGMAC\DESKTOP\DISKEXAMPLE\DEBUG\REPLACER.OBJ
D:\TURINGMAC\DESKTOP\DISKEXAMPLE\DEBUG\TIME_TEST.OBJ
D:\TURINGMAC\DESKTOP\DISKEXAMPLE\DEBUG\VC110.PDB
D:\TURINGMAC\DESKTOP\DISKEXAMPLE\DEBUG\DISKEXAMPLE.ILK
D:\TURINGMAC\DESKTOP\DISKEXAMPLE\DEBUG\DISKEXAMPLE.EXE
D:\TURINGMAC\DESKTOP\DISKEXAMPLE\DEBUG\DISKEXAMPLE.PDB
D:\TuringMac\Desktop\DiskExample\Debug\blk_utility.obj
D:\TuringMac\Desktop\DiskExample\Debug\bufmgr.obj
D:\TuringMac\Desktop\DiskExample\Debug\buf_frame.obj
D:\TuringMac\Desktop\DiskExample\Debug\clockframe.obj
D:\TuringMac\Desktop\DiskExample\Debug\DB.obj
D:\TuringMac\Desktop\DiskExample\Debug\DiskReadWrite.obj
D:\TuringMac\Desktop\DiskExample\Debug\hash.obj
D:\TuringMac\Desktop\DiskExample\Debug\LRU.obj
D:\TuringMac\Desktop\DiskExample\Debug\LRUFrame.obj
D:\TuringMac\Desktop\DiskExample\Debug\replacer.obj
D:\TuringMac\Desktop\DiskExample\Debug\time_test.obj
D:\TuringMac\Desktop\DiskExample\Debug\DiskExample.ilk
D:\TuringMac\Desktop\DiskExample\Debug\BscMake.command.1.tlog
D:\TuringMac\Desktop\DiskExample\Debug\bscmake.read.1.tlog
D:\TuringMac\Desktop\DiskExample\Debug\BscMake.write.1.tlog
D:\TuringMac\Desktop\DiskExample\Debug\cl.command.1.tlog
D:\TuringMac\Desktop\DiskExample\Debug\CL.read.1.tlog
D:\TuringMac\Desktop\DiskExample\Debug\CL.write.1.tlog
D:\TuringMac\Desktop\DiskExample\Debug\link-cvtres.read.1.tlog
D:\TuringMac\Desktop\DiskExample\Debug\link-cvtres.write.1.tlog
D:\TuringMac\Desktop\DiskExample\Debug\link-rc.read.1.tlog
D:\TuringMac\Desktop\DiskExample\Debug\link-rc.write.1.tlog
D:\TuringMac\Desktop\DiskExample\Debug\link.9848-cvtres.read.1.tlog
D:\TuringMac\Desktop\DiskExample\Debug\link.9848-cvtres.write.1.tlog
D:\TuringMac\Desktop\DiskExample\Debug\link.9848-rc.read.1.tlog
D:\TuringMac\Desktop\DiskExample\Debug\link.9848-rc.write.1.tlog
D:\TuringMac\Desktop\DiskExample\Debug\link.9848.read.1.tlog
D:\TuringMac\Desktop\DiskExample\Debug\link.9848.write.1.tlog
D:\TuringMac\Desktop\DiskExample\Debug\link.command.1.tlog
D:\TuringMac\Desktop\DiskExample\Debug\link.read.1.tlog
D:\TuringMac\Desktop\DiskExample\Debug\link.write.1.tlog
D:\TuringMac\Desktop\DiskExample\Debug\vc110.idb
D:\TuringMac\Desktop\DiskExample\Debug\DiskExample.pdb
D:\TuringMac\Desktop\DiskExample\Debug\vc110.pdb
D:\TuringMac\Desktop\DiskExample\Debug\DiskExample.bsc
D:\TuringMac\Desktop\DiskExample\Debug\blk_utility.sbr
D:\TuringMac\Desktop\DiskExample\Debug\bufmgr.sbr
D:\TuringMac\Desktop\DiskExample\Debug\buf_frame.sbr
D:\TuringMac\Desktop\DiskExample\Debug\clockframe.sbr
D:\TuringMac\Desktop\DiskExample\Debug\DB.sbr
D:\TuringMac\Desktop\DiskExample\Debug\DiskReadWrite.sbr
D:\TuringMac\Desktop\DiskExample\Debug\hash.sbr
D:\TuringMac\Desktop\DiskExample\Debug\LRU.sbr
D:\TuringMac\Desktop\DiskExample\Debug\LRUFrame.sbr
D:\TuringMac\Desktop\DiskExample\Debug\replacer.sbr
D:\TuringMac\Desktop\DiskExample\Debug\time_test.sbr
D:\TuringMac\Desktop\DiskExample\Debug\DiskExample.exe
